  MondrianTest.cpp
c:\libs\opencv\build\include\opencv2\core\mat.hpp(1965): warning C4819: 该文件包含不能在当前代码页(936)中表示的字符。请将该文件保存为 Unicode 格式以防止数据丢失
c:\libs\opencv\build\include\opencv2\core\persistence.hpp : warning C4819: 该文件包含不能在当前代码页(936)中表示的字符。请将该文件保存为 Unicode 格式以防止数据丢失
c:\libs\opencv\build\include\opencv2\core\utility.hpp : warning C4819: 该文件包含不能在当前代码页(936)中表示的字符。请将该文件保存为 Unicode 格式以防止数据丢失
c:\libs\opencv\build\include\opencv2\core\utility.hpp : warning C4819: 该文件包含不能在当前代码页(936)中表示的字符。请将该文件保存为 Unicode 格式以防止数据丢失
  MondrianForest.cpp
c:\libs\opencv\build\include\opencv2\core\mat.hpp(1965): warning C4819: 该文件包含不能在当前代码页(936)中表示的字符。请将该文件保存为 Unicode 格式以防止数据丢失
c:\libs\opencv\build\include\opencv2\core\persistence.hpp : warning C4819: 该文件包含不能在当前代码页(936)中表示的字符。请将该文件保存为 Unicode 格式以防止数据丢失
c:\libs\opencv\build\include\opencv2\core\utility.hpp : warning C4819: 该文件包含不能在当前代码页(936)中表示的字符。请将该文件保存为 Unicode 格式以防止数据丢失
c:\libs\opencv\build\include\opencv2\core\utility.hpp : warning C4819: 该文件包含不能在当前代码页(936)中表示的字符。请将该文件保存为 Unicode 格式以防止数据丢失
e:\my documents\visual studio 2015\projects\mondrianforest\mondrianforest\ml\mondrianforest.cpp(301): warning C4267: “参数”: 从“size_t”转换到“int”，可能丢失数据
e:\my documents\visual studio 2015\projects\mondrianforest\mondrianforest\ml\mondrianforest.cpp(441): warning C4267: “参数”: 从“size_t”转换到“int”，可能丢失数据
e:\my documents\visual studio 2015\projects\mondrianforest\mondrianforest\ml\mondrianforest.cpp(781): warning C4244: “参数”: 从“time_t”转换到“unsigned int”，可能丢失数据
  main.cpp
c:\libs\opencv\build\include\opencv2\core\mat.hpp(1965): warning C4819: 该文件包含不能在当前代码页(936)中表示的字符。请将该文件保存为 Unicode 格式以防止数据丢失
c:\libs\opencv\build\include\opencv2\core\persistence.hpp : warning C4819: 该文件包含不能在当前代码页(936)中表示的字符。请将该文件保存为 Unicode 格式以防止数据丢失
c:\libs\opencv\build\include\opencv2\core\utility.hpp : warning C4819: 该文件包含不能在当前代码页(936)中表示的字符。请将该文件保存为 Unicode 格式以防止数据丢失
c:\libs\opencv\build\include\opencv2\core\utility.hpp : warning C4819: 该文件包含不能在当前代码页(936)中表示的字符。请将该文件保存为 Unicode 格式以防止数据丢失
  Forest.cpp
c:\libs\opencv\build\include\opencv2\core\mat.hpp(1965): warning C4819: 该文件包含不能在当前代码页(936)中表示的字符。请将该文件保存为 Unicode 格式以防止数据丢失
c:\libs\opencv\build\include\opencv2\core\persistence.hpp : warning C4819: 该文件包含不能在当前代码页(936)中表示的字符。请将该文件保存为 Unicode 格式以防止数据丢失
c:\libs\opencv\build\include\opencv2\core\utility.hpp : warning C4819: 该文件包含不能在当前代码页(936)中表示的字符。请将该文件保存为 Unicode 格式以防止数据丢失
c:\libs\opencv\build\include\opencv2\core\utility.hpp : warning C4819: 该文件包含不能在当前代码页(936)中表示的字符。请将该文件保存为 Unicode 格式以防止数据丢失
  正在生成代码...
  MondrianForest.vcxproj -> e:\my documents\visual studio 2015\Projects\MondrianForest\x64\Debug\MondrianForest.exe
  MondrianForest.vcxproj -> e:\my documents\visual studio 2015\Projects\MondrianForest\x64\Debug\MondrianForest.pdb (Full PDB)
